app/build/intermediates/manifest_merge_blame_file/debug/processDebugMainManifest/manifest-merger-blame-debug-report.txt
1<?xml version="1.0" encoding="utf-8"?>
2<manifest xmlns:android="http://schemas.android.com/apk/res/android"
3    package="com.example.holdings.app"
4    android:versionCode="1"
5    android:versionName="1.0" >
6
7    <uses-sdk
8        android:minSdkVersion="21"
9        android:targetSdkVersion="34" />
10
11    <uses-permission android:name="android.permission.INTERNET" />
11-->src\main\AndroidManifest.xml:4:5-67
11-->src\main\AndroidManifest.xml:4:22-64
12    <uses-permission android:name="android.permission.REORDER_TASKS" />
12-->[androidx.test:core:1.7.0] AndroidManifest.xml:24:5-72
12-->[androidx.test:core:1.7.0] AndroidManifest.xml:24:22-69
13
14    <permission
14-->[androidx.core:core:1.13.0] AndroidManifest.xml:22:5-24:47
15        android:name="com.example.holdings.app.DYNAMIC_RECEIVER_NOT_EXPORTED_PERMISSION"
15-->[androidx.core:core:1.13.0] AndroidManifest.xml:23:9-81
16        android:protectionLevel="signature" />
16-->[androidx.core:core:1.13.0] AndroidManifest.xml:24:9-44
17
18    <uses-permission android:name="com.example.holdings.app.DYNAMIC_RECEIVER_NOT_EXPORTED_PERMISSION" />
18-->[androidx.core:core:1.13.0] AndroidManifest.xml:26:5-97
18-->[androidx.core:core:1.13.0] AndroidManifest.xml:26:22-94
19
20    <application
20-->src\main\AndroidManifest.xml:6:5-18:19
21        android:name="com.example.holdings.app.HoldingsApplication"
21-->src\main\AndroidManifest.xml:7:9-44
22        android:allowBackup="true"
22-->src\main\AndroidManifest.xml:8:9-35
23        android:appComponentFactory="androidx.core.app.CoreComponentFactory"
23-->[androidx.core:core:1.13.0] AndroidManifest.xml:28:18-86
24        android:debuggable="true"
25        android:extractNativeLibs="true"
26        android:label="HoldingsApp"
26-->src\main\AndroidManifest.xml:9:9-36
27        android:supportsRtl="true"
27-->src\main\AndroidManifest.xml:10:9-35
28        android:testOnly="true" >
29        <activity
29-->src\main\AndroidManifest.xml:11:9-17:20
30            android:name="com.example.holdings.app.ui.MainActivity"
30-->src\main\AndroidManifest.xml:11:19-50
31            android:exported="true" >
31-->src\main\AndroidManifest.xml:12:13-36
32            <intent-filter>
32-->src\main\AndroidManifest.xml:13:13-16:29
33                <action android:name="android.intent.action.MAIN" />
33-->src\main\AndroidManifest.xml:14:17-69
33-->src\main\AndroidManifest.xml:14:25-66
34
35                <category android:name="android.intent.category.LAUNCHER" />
35-->src\main\AndroidManifest.xml:15:17-77
35-->src\main\AndroidManifest.xml:15:27-74
36            </intent-filter>
37        </activity>
38        <activity
38-->[androidx.test:core:1.7.0] AndroidManifest.xml:27:9-34:20
39            android:name="androidx.test.core.app.InstrumentationActivityInvoker$BootstrapActivity"
39-->[androidx.test:core:1.7.0] AndroidManifest.xml:28:13-99
40            android:exported="true"
40-->[androidx.test:core:1.7.0] AndroidManifest.xml:29:13-36
41            android:theme="@style/WhiteBackgroundTheme" >
41-->[androidx.test:core:1.7.0] AndroidManifest.xml:30:13-56
42            <intent-filter android:priority="-100" >
42-->[androidx.test:core:1.7.0] AndroidManifest.xml:31:13-33:29
42-->[androidx.test:core:1.7.0] AndroidManifest.xml:31:28-51
43                <category android:name="android.intent.category.LAUNCHER" />
43-->src\main\AndroidManifest.xml:15:17-77
43-->src\main\AndroidManifest.xml:15:27-74
44            </intent-filter>
45        </activity>
46        <activity
46-->[androidx.test:core:1.7.0] AndroidManifest.xml:35:9-42:20
47            android:name="androidx.test.core.app.InstrumentationActivityInvoker$EmptyActivity"
47-->[androidx.test:core:1.7.0] AndroidManifest.xml:36:13-95
48            android:exported="true"
48-->[androidx.test:core:1.7.0] AndroidManifest.xml:37:13-36
49            android:theme="@style/WhiteBackgroundTheme" >
49-->[androidx.test:core:1.7.0] AndroidManifest.xml:38:13-56
50            <intent-filter android:priority="-100" >
50-->[androidx.test:core:1.7.0] AndroidManifest.xml:31:13-33:29
50-->[androidx.test:core:1.7.0] AndroidManifest.xml:31:28-51
51                <category android:name="android.intent.category.LAUNCHER" />
51-->src\main\AndroidManifest.xml:15:17-77
51-->src\main\AndroidManifest.xml:15:27-74
52            </intent-filter>
53        </activity>
54        <activity
54-->[androidx.test:core:1.7.0] AndroidManifest.xml:43:9-50:20
55            android:name="androidx.test.core.app.InstrumentationActivityInvoker$EmptyFloatingActivity"
55-->[androidx.test:core:1.7.0] AndroidManifest.xml:44:13-103
56            android:exported="true"
56-->[androidx.test:core:1.7.0] AndroidManifest.xml:45:13-36
57            android:theme="@style/WhiteBackgroundDialogTheme" >
57-->[androidx.test:core:1.7.0] AndroidManifest.xml:46:13-62
58            <intent-filter android:priority="-100" >
58-->[androidx.test:core:1.7.0] AndroidManifest.xml:31:13-33:29
58-->[androidx.test:core:1.7.0] AndroidManifest.xml:31:28-51
59                <category android:name="android.intent.category.LAUNCHER" />
59-->src\main\AndroidManifest.xml:15:17-77
59-->src\main\AndroidManifest.xml:15:27-74
60            </intent-filter>
61        </activity>
62
63        <provider
63-->[androidx.emoji2:emoji2:1.3.0] AndroidManifest.xml:24:9-32:20
64            android:name="androidx.startup.InitializationProvider"
64-->[androidx.emoji2:emoji2:1.3.0] AndroidManifest.xml:25:13-67
65            android:authorities="com.example.holdings.app.androidx-startup"
65-->[androidx.emoji2:emoji2:1.3.0] AndroidManifest.xml:26:13-68
66            android:exported="false" >
66-->[androidx.emoji2:emoji2:1.3.0] AndroidManifest.xml:27:13-37
67            <meta-data
67-->[androidx.emoji2:emoji2:1.3.0] AndroidManifest.xml:29:13-31:52
68                android:name="androidx.emoji2.text.EmojiCompatInitializer"
68-->[androidx.emoji2:emoji2:1.3.0] AndroidManifest.xml:30:17-75
69                android:value="androidx.startup" />
69-->[androidx.emoji2:emoji2:1.3.0] AndroidManifest.xml:31:17-49
70            <meta-data
70-->[androidx.lifecycle:lifecycle-process:2.6.2] AndroidManifest.xml:29:13-31:52
71                android:name="androidx.lifecycle.ProcessLifecycleInitializer"
71-->[androidx.lifecycle:lifecycle-process:2.6.2] AndroidManifest.xml:30:17-78
72                android:value="androidx.startup" />
72-->[androidx.lifecycle:lifecycle-process:2.6.2] AndroidManifest.xml:31:17-49
73            <meta-data
73-->[androidx.profileinstaller:profileinstaller:1.3.1] AndroidManifest.xml:29:13-31:52
74                android:name="androidx.profileinstaller.ProfileInstallerInitializer"
74-->[androidx.profileinstaller:profileinstaller:1.3.1] AndroidManifest.xml:30:17-85
75                android:value="androidx.startup" />
75-->[androidx.profileinstaller:profileinstaller:1.3.1] AndroidManifest.xml:31:17-49
76        </provider>
77
78        <uses-library
78-->[androidx.window:window:1.0.0] AndroidManifest.xml:25:9-27:40
79            android:name="androidx.window.extensions"
79-->[androidx.window:window:1.0.0] AndroidManifest.xml:26:13-54
80            android:required="false" />
80-->[androidx.window:window:1.0.0] AndroidManifest.xml:27:13-37
81        <uses-library
81-->[androidx.window:window:1.0.0] AndroidManifest.xml:28:9-30:40
82            android:name="androidx.window.sidecar"
82-->[androidx.window:window:1.0.0] AndroidManifest.xml:29:13-51
83            android:required="false" />
83-->[androidx.window:window:1.0.0] AndroidManifest.xml:30:13-37
84
85        <service
85-->[androidx.room:room-runtime:2.6.1] AndroidManifest.xml:24:9-28:63
86            android:name="androidx.room.MultiInstanceInvalidationService"
86-->[androidx.room:room-runtime:2.6.1] AndroidManifest.xml:25:13-74
87            android:directBootAware="true"
87-->[androidx.room:room-runtime:2.6.1] AndroidManifest.xml:26:13-43
88            android:exported="false" />
88-->[androidx.room:room-runtime:2.6.1] AndroidManifest.xml:27:13-37
89
90        <receiver
90-->[androidx.profileinstaller:profileinstaller:1.3.1] AndroidManifest.xml:34:9-52:20
91            android:name="androidx.profileinstaller.ProfileInstallReceiver"
91-->[androidx.profileinstaller:profileinstaller:1.3.1] AndroidManifest.xml:35:13-76
92            android:directBootAware="false"
92-->[androidx.profileinstaller:profileinstaller:1.3.1] AndroidManifest.xml:36:13-44
93            android:enabled="true"
93-->[androidx.profileinstaller:profileinstaller:1.3.1] AndroidManifest.xml:37:13-35
94            android:exported="true"
94-->[androidx.profileinstaller:profileinstaller:1.3.1] AndroidManifest.xml:38:13-36
95            android:permission="android.permission.DUMP" >
95-->[androidx.profileinstaller:profileinstaller:1.3.1] AndroidManifest.xml:39:13-57
96            <intent-filter>
96-->[androidx.profileinstaller:profileinstaller:1.3.1] AndroidManifest.xml:40:13-42:29
97                <action android:name="androidx.profileinstaller.action.INSTALL_PROFILE" />
97-->[androidx.profileinstaller:profileinstaller:1.3.1] AndroidManifest.xml:41:17-91
97-->[androidx.profileinstaller:profileinstaller:1.3.1] AndroidManifest.xml:41:25-88
98            </intent-filter>
99            <intent-filter>
99-->[androidx.profileinstaller:profileinstaller:1.3.1] AndroidManifest.xml:43:13-45:29
100                <action android:name="androidx.profileinstaller.action.SKIP_FILE" />
100-->[androidx.profileinstaller:profileinstaller:1.3.1] AndroidManifest.xml:44:17-85
100-->[androidx.profileinstaller:profileinstaller:1.3.1] AndroidManifest.xml:44:25-82
101            </intent-filter>
102            <intent-filter>
102-->[androidx.profileinstaller:profileinstaller:1.3.1] AndroidManifest.xml:46:13-48:29
103                <action android:name="androidx.profileinstaller.action.SAVE_PROFILE" />
103-->[androidx.profileinstaller:profileinstaller:1.3.1] AndroidManifest.xml:47:17-88
103-->[androidx.profileinstaller:profileinstaller:1.3.1] AndroidManifest.xml:47:25-85
104            </intent-filter>
105            <intent-filter>
105-->[androidx.profileinstaller:profileinstaller:1.3.1] AndroidManifest.xml:49:13-51:29
106                <action android:name="androidx.profileinstaller.action.BENCHMARK_OPERATION" />
106-->[androidx.profileinstaller:profileinstaller:1.3.1] AndroidManifest.xml:50:17-95
106-->[androidx.profileinstaller:profileinstaller:1.3.1] AndroidManifest.xml:50:25-92
107            </intent-filter>
108        </receiver>
109    </application>
110
111</manifest>